0 info it worked if it ends with ok
1 verbose cli [ '/usr/local/bin/node',
1 verbose cli   '/usr/local/bin/npm',
1 verbose cli   'install',
1 verbose cli   '-g',
1 verbose cli   'grunt-cli' ]
2 info using npm@2.14.7
3 info using node@v4.2.1
4 verbose install initial load of /usr/local/lib/package.json
5 verbose readDependencies loading dependencies from /usr/local/lib/package.json
6 silly cache add args [ 'grunt-cli', null ]
7 verbose cache add spec grunt-cli
8 silly cache add parsed spec Result {
8 silly cache add   raw: 'grunt-cli',
8 silly cache add   scope: null,
8 silly cache add   name: 'grunt-cli',
8 silly cache add   rawSpec: '',
8 silly cache add   spec: '*',
8 silly cache add   type: 'range' }
9 silly addNamed grunt-cli@*
10 verbose addNamed "*" is a valid semver range for grunt-cli
11 silly addNameRange { name: 'grunt-cli', range: '*', hasData: false }
12 silly mapToRegistry name grunt-cli
13 silly mapToRegistry using default registry
14 silly mapToRegistry registry https://registry.npmjs.org/
15 silly mapToRegistry uri https://registry.npmjs.org/grunt-cli
16 verbose addNameRange registry:https://registry.npmjs.org/grunt-cli not in flight; fetching
17 verbose request uri https://registry.npmjs.org/grunt-cli
18 verbose request no auth needed
19 info attempt registry request try #1 at 7:42:49 PM
20 verbose request id bb6544e3037bf916
21 verbose etag "445ZDVYSUP9I78LRDHBS79E6G"
22 http request GET https://registry.npmjs.org/grunt-cli
23 http 304 https://registry.npmjs.org/grunt-cli
24 verbose headers { date: 'Tue, 20 Oct 2015 02:42:50 GMT',
24 verbose headers   via: '1.1 varnish',
24 verbose headers   'cache-control': 'max-age=60',
24 verbose headers   etag: '"445ZDVYSUP9I78LRDHBS79E6G"',
24 verbose headers   age: '23',
24 verbose headers   connection: 'keep-alive',
24 verbose headers   'x-served-by': 'cache-sjc3127-SJC',
24 verbose headers   'x-cache': 'HIT',
24 verbose headers   'x-cache-hits': '1',
24 verbose headers   'x-timer': 'S1445308970.571041,VS0,VE0',
24 verbose headers   vary: 'Accept' }
25 silly get cb [ 304,
25 silly get   { date: 'Tue, 20 Oct 2015 02:42:50 GMT',
25 silly get     via: '1.1 varnish',
25 silly get     'cache-control': 'max-age=60',
25 silly get     etag: '"445ZDVYSUP9I78LRDHBS79E6G"',
25 silly get     age: '23',
25 silly get     connection: 'keep-alive',
25 silly get     'x-served-by': 'cache-sjc3127-SJC',
25 silly get     'x-cache': 'HIT',
25 silly get     'x-cache-hits': '1',
25 silly get     'x-timer': 'S1445308970.571041,VS0,VE0',
25 silly get     vary: 'Accept' } ]
26 verbose etag https://registry.npmjs.org/grunt-cli from cache
27 verbose get saving grunt-cli to /Users/Taylor/.npm/registry.npmjs.org/grunt-cli/.cache.json
28 silly addNameRange number 2 { name: 'grunt-cli', range: '*', hasData: true }
29 silly addNameRange versions [ 'grunt-cli',
29 silly addNameRange   [ '0.1.0',
29 silly addNameRange     '0.1.1',
29 silly addNameRange     '0.1.2',
29 silly addNameRange     '0.1.3',
29 silly addNameRange     '0.1.4',
29 silly addNameRange     '0.1.5',
29 silly addNameRange     '0.1.6',
29 silly addNameRange     '0.1.7',
29 silly addNameRange     '0.1.8',
29 silly addNameRange     '0.1.9',
29 silly addNameRange     '0.1.10',
29 silly addNameRange     '0.1.11',
29 silly addNameRange     '0.1.12',
29 silly addNameRange     '0.1.13' ] ]
30 silly addNamed grunt-cli@0.1.13
31 verbose addNamed "0.1.13" is a plain semver version for grunt-cli
32 silly cache afterAdd grunt-cli@0.1.13
33 verbose afterAdd /Users/Taylor/.npm/grunt-cli/0.1.13/package/package.json not in flight; writing
34 verbose afterAdd /Users/Taylor/.npm/grunt-cli/0.1.13/package/package.json written
35 silly install resolved [ { name: 'grunt-cli',
35 silly install resolved     description: 'The grunt command line interface.',
35 silly install resolved     version: '0.1.13',
35 silly install resolved     author: { name: 'Grunt Team' },
35 silly install resolved     homepage: 'http://gruntjs.com/',
35 silly install resolved     repository: { type: 'git', url: 'git://github.com/gruntjs/grunt-cli.git' },
35 silly install resolved     bugs: { url: 'http://github.com/gruntjs/grunt-cli/issues' },
35 silly install resolved     licenses: [ [Object] ],
35 silly install resolved     bin: { grunt: 'bin/grunt' },
35 silly install resolved     engines: { node: '>= 0.8.0' },
35 silly install resolved     scripts: { test: 'node bin/grunt test' },
35 silly install resolved     preferGlobal: true,
35 silly install resolved     dependencies: { nopt: '~1.0.10', 'findup-sync': '~0.1.0', resolve: '~0.3.1' },
35 silly install resolved     devDependencies: { grunt: '~0.4.0', 'grunt-contrib-jshint': '~0.2.0' },
35 silly install resolved     contributors: [ [Object], [Object], [Object], [Object] ],
35 silly install resolved     _id: 'grunt-cli@0.1.13',
35 silly install resolved     dist:
35 silly install resolved      { shasum: 'e9ebc4047631f5012d922770c39378133cad10f4',
35 silly install resolved        tarball: 'http://registry.npmjs.org/grunt-cli/-/grunt-cli-0.1.13.tgz' },
35 silly install resolved     _from: 'grunt-cli@*',
35 silly install resolved     _npmVersion: '1.3.24',
35 silly install resolved     _npmUser: { name: 'tkellen', email: 'tyler@sleekcode.net' },
35 silly install resolved     maintainers: [ [Object] ],
35 silly install resolved     directories: {},
35 silly install resolved     _shasum: 'e9ebc4047631f5012d922770c39378133cad10f4',
35 silly install resolved     _resolved: 'https://registry.npmjs.org/grunt-cli/-/grunt-cli-0.1.13.tgz',
35 silly install resolved     readme: 'ERROR: No README data found!' } ]
36 info install grunt-cli@0.1.13 into /usr/local/lib
37 info installOne grunt-cli@0.1.13
38 verbose installOne of grunt-cli to /usr/local/lib not in flight; installing
39 verbose lock using /Users/Taylor/.npm/_locks/grunt-cli-58f484dab06f0a30.lock for /usr/local/lib/node_modules/grunt-cli
40 silly install write writing grunt-cli 0.1.13 to /usr/local/lib/node_modules/grunt-cli
41 verbose unbuild lib/node_modules/grunt-cli
42 silly gentlyRm /usr/local/lib/node_modules/grunt-cli is being purged from base /usr/local
43 verbose gentlyRm don't care about contents; nuking /usr/local/lib/node_modules/grunt-cli
44 verbose tar unpack /Users/Taylor/.npm/grunt-cli/0.1.13/package.tgz
45 verbose tar unpacking to /usr/local/lib/node_modules/grunt-cli
46 silly gentlyRm /usr/local/lib/node_modules/grunt-cli is being purged
47 verbose gentlyRm don't care about contents; nuking /usr/local/lib/node_modules/grunt-cli
48 silly gunzTarPerm modes [ '755', '644' ]
49 error tar.unpack untar error /Users/Taylor/.npm/grunt-cli/0.1.13/package.tgz
50 verbose unlock done using /Users/Taylor/.npm/_locks/grunt-cli-58f484dab06f0a30.lock for /usr/local/lib/node_modules/grunt-cli
51 verbose fstream_path /usr/local/lib/node_modules/grunt-cli
52 verbose fstream_type Directory
53 verbose fstream_class DirWriter
54 verbose stack Error: EACCES: permission denied, mkdir '/usr/local/lib/node_modules/grunt-cli'
54 verbose stack     at Error (native)
55 verbose fstream_stack /usr/local/lib/node_modules/npm/node_modules/fstream/lib/dir-writer.js:35:25
55 verbose fstream_stack /usr/local/lib/node_modules/npm/node_modules/mkdirp/index.js:47:53
55 verbose fstream_stack FSReqWrap.oncomplete (fs.js:82:15)
56 verbose cwd /Users/Taylor/Desktop/Reveal
57 error Darwin 15.0.0
58 error argv "/usr/local/bin/node" "/usr/local/bin/npm" "install" "-g" "grunt-cli"
59 error node v4.2.1
60 error npm  v2.14.7
61 error path /usr/local/lib/node_modules/grunt-cli
62 error code EACCES
63 error errno -13
64 error syscall mkdir
65 error Error: EACCES: permission denied, mkdir '/usr/local/lib/node_modules/grunt-cli'
65 error     at Error (native)
65 error  { [Error: EACCES: permission denied, mkdir '/usr/local/lib/node_modules/grunt-cli']
65 error   errno: -13,
65 error   code: 'EACCES',
65 error   syscall: 'mkdir',
65 error   path: '/usr/local/lib/node_modules/grunt-cli',
65 error   fstream_type: 'Directory',
65 error   fstream_path: '/usr/local/lib/node_modules/grunt-cli',
65 error   fstream_class: 'DirWriter',
65 error   fstream_stack:
65 error    [ '/usr/local/lib/node_modules/npm/node_modules/fstream/lib/dir-writer.js:35:25',
65 error      '/usr/local/lib/node_modules/npm/node_modules/mkdirp/index.js:47:53',
65 error      'FSReqWrap.oncomplete (fs.js:82:15)' ] }
66 error Please try running this command again as root/Administrator.
67 verbose exit [ -13, true ]
68 verbose unbuild lib/node_modules/grunt-cli
69 silly gentlyRm /usr/local/lib/node_modules/grunt-cli is being purged from base /usr/local
70 verbose gentlyRm don't care about contents; nuking /usr/local/lib/node_modules/grunt-cli
